[0930/205744.598:ERROR:viz_main_impl.cc(162)] Exiting GPU process due to errors during initialization
[0930/205744.849:ERROR:viz_main_impl.cc(162)] Exiting GPU process due to errors during initialization
[0930/205745.024:ERROR:gpu_init.cc(441)] Passthrough is not supported, GL is disabled
[1001/123818.987:ERROR:viz_main_impl.cc(162)] Exiting GPU process due to errors during initialization
[1001/123819.284:ERROR:viz_main_impl.cc(162)] Exiting GPU process due to errors during initialization
[1001/123819.462:ERROR:gpu_init.cc(441)] Passthrough is not supported, GL is disabled
[1001/180655.117:ERROR:viz_main_impl.cc(162)] Exiting GPU process due to errors during initialization
[1001/180655.344:ERROR:viz_main_impl.cc(162)] Exiting GPU process due to errors during initialization
[1001/180655.508:ERROR:gpu_init.cc(441)] Passthrough is not supported, GL is disabled
[1001/181449.562:ERROR:viz_main_impl.cc(162)] Exiting GPU process due to errors during initialization
[1001/181449.777:ERROR:viz_main_impl.cc(162)] Exiting GPU process due to errors during initialization
[1001/181449.943:ERROR:gpu_init.cc(441)] Passthrough is not supported, GL is disabled
[1002/000548.720:INFO:CONSOLE(1414)] "Google Maps JavaScript API has been loaded directly without loading=async. This can result in suboptimal performance. For best-practice loading patterns please see https://goo.gle/js-api-loading", source: https://maps.googleapis.com/maps/api/js?key=AIzaSyDPkUXr4b0-RMXsH8207nLFJejiKvZeNN4&v=weekly&language=en&libraries=places&callback=initMap (1414)
[1002/000548.750:INFO:CONSOLE(1316)] "As of February 21st, 2024, google.maps.Marker is deprecated. Please use google.maps.marker.AdvancedMarkerElement instead. At this time, google.maps.Marker is not scheduled to be discontinued, but google.maps.marker.AdvancedMarkerElement is recommended over google.maps.Marker. While google.maps.Marker will continue to receive bug fixes for any major regressions, existing bugs in google.maps.Marker will not be addressed. At least 12 months notice will be given before support is discontinued. Please see https://developers.google.com/maps/deprecations for additional details and https://developers.google.com/maps/documentation/javascript/advanced-markers/migration for the migration guide.", source: https://maps.googleapis.com/maps/api/js?key=AIzaSyDPkUXr4b0-RMXsH8207nLFJejiKvZeNN4&v=weekly&language=en&libraries=places&callback=initMap (1316)
[1002/000555.131:INFO:CONSOLE(1414)] "Google Maps JavaScript API has been loaded directly without loading=async. This can result in suboptimal performance. For best-practice loading patterns please see https://goo.gle/js-api-loading", source: https://maps.googleapis.com/maps/api/js?key=AIzaSyDPkUXr4b0-RMXsH8207nLFJejiKvZeNN4&v=weekly&language=en&libraries=places&callback=initMap (1414)
[1002/000555.147:INFO:CONSOLE(1316)] "As of February 21st, 2024, google.maps.Marker is deprecated. Please use google.maps.marker.AdvancedMarkerElement instead. At this time, google.maps.Marker is not scheduled to be discontinued, but google.maps.marker.AdvancedMarkerElement is recommended over google.maps.Marker. While google.maps.Marker will continue to receive bug fixes for any major regressions, existing bugs in google.maps.Marker will not be addressed. At least 12 months notice will be given before support is discontinued. Please see https://developers.google.com/maps/deprecations for additional details and https://developers.google.com/maps/documentation/javascript/advanced-markers/migration for the migration guide.", source: https://maps.googleapis.com/maps/api/js?key=AIzaSyDPkUXr4b0-RMXsH8207nLFJejiKvZeNN4&v=weekly&language=en&libraries=places&callback=initMap (1316)
[1002/000555.191:WARNING:spdy_session.cc(3505)] Received HEADERS for invalid stream 197
[1002/000555.191:WARNING:spdy_session.cc(3505)] Received HEADERS for invalid stream 193
[1002/000600.294:INFO:CONSOLE(1414)] "Google Maps JavaScript API has been loaded directly without loading=async. This can result in suboptimal performance. For best-practice loading patterns please see https://goo.gle/js-api-loading", source: https://maps.googleapis.com/maps/api/js?key=AIzaSyDPkUXr4b0-RMXsH8207nLFJejiKvZeNN4&v=weekly&language=en&libraries=places&callback=initMap (1414)
[1002/000600.309:INFO:CONSOLE(1316)] "As of February 21st, 2024, google.maps.Marker is deprecated. Please use google.maps.marker.AdvancedMarkerElement instead. At this time, google.maps.Marker is not scheduled to be discontinued, but google.maps.marker.AdvancedMarkerElement is recommended over google.maps.Marker. While google.maps.Marker will continue to receive bug fixes for any major regressions, existing bugs in google.maps.Marker will not be addressed. At least 12 months notice will be given before support is discontinued. Please see https://developers.google.com/maps/deprecations for additional details and https://developers.google.com/maps/documentation/javascript/advanced-markers/migration for the migration guide.", source: https://maps.googleapis.com/maps/api/js?key=AIzaSyDPkUXr4b0-RMXsH8207nLFJejiKvZeNN4&v=weekly&language=en&libraries=places&callback=initMap (1316)
[1002/000600.449:WARNING:spdy_session.cc(3505)] Received HEADERS for invalid stream 219
[1002/000602.435:INFO:CONSOLE(1414)] "Google Maps JavaScript API has been loaded directly without loading=async. This can result in suboptimal performance. For best-practice loading patterns please see https://goo.gle/js-api-loading", source: https://maps.googleapis.com/maps/api/js?key=AIzaSyDPkUXr4b0-RMXsH8207nLFJejiKvZeNN4&v=weekly&language=en&libraries=places&callback=initMap (1414)
[1002/000602.462:INFO:CONSOLE(1316)] "As of February 21st, 2024, google.maps.Marker is deprecated. Please use google.maps.marker.AdvancedMarkerElement instead. At this time, google.maps.Marker is not scheduled to be discontinued, but google.maps.marker.AdvancedMarkerElement is recommended over google.maps.Marker. While google.maps.Marker will continue to receive bug fixes for any major regressions, existing bugs in google.maps.Marker will not be addressed. At least 12 months notice will be given before support is discontinued. Please see https://developers.google.com/maps/deprecations for additional details and https://developers.google.com/maps/documentation/javascript/advanced-markers/migration for the migration guide.", source: https://maps.googleapis.com/maps/api/js?key=AIzaSyDPkUXr4b0-RMXsH8207nLFJejiKvZeNN4&v=weekly&language=en&libraries=places&callback=initMap (1316)
[1002/000602.530:WARNING:spdy_session.cc(3505)] Received HEADERS for invalid stream 237
[1002/000602.777:INFO:CONSOLE(1414)] "Google Maps JavaScript API has been loaded directly without loading=async. This can result in suboptimal performance. For best-practice loading patterns please see https://goo.gle/js-api-loading", source: https://maps.googleapis.com/maps/api/js?key=AIzaSyDPkUXr4b0-RMXsH8207nLFJejiKvZeNN4&v=weekly&language=en&libraries=places&callback=initMap (1414)
[1002/000602.795:INFO:CONSOLE(1316)] "As of February 21st, 2024, google.maps.Marker is deprecated. Please use google.maps.marker.AdvancedMarkerElement instead. At this time, google.maps.Marker is not scheduled to be discontinued, but google.maps.marker.AdvancedMarkerElement is recommended over google.maps.Marker. While google.maps.Marker will continue to receive bug fixes for any major regressions, existing bugs in google.maps.Marker will not be addressed. At least 12 months notice will be given before support is discontinued. Please see https://developers.google.com/maps/deprecations for additional details and https://developers.google.com/maps/documentation/javascript/advanced-markers/migration for the migration guide.", source: https://maps.googleapis.com/maps/api/js?key=AIzaSyDPkUXr4b0-RMXsH8207nLFJejiKvZeNN4&v=weekly&language=en&libraries=places&callback=initMap (1316)
[1002/000603.095:WARNING:spdy_session.cc(3505)] Received HEADERS for invalid stream 259
[1002/000606.034:INFO:CONSOLE(1414)] "Google Maps JavaScript API has been loaded directly without loading=async. This can result in suboptimal performance. For best-practice loading patterns please see https://goo.gle/js-api-loading", source: https://maps.googleapis.com/maps/api/js?key=AIzaSyDPkUXr4b0-RMXsH8207nLFJejiKvZeNN4&v=weekly&language=en&libraries=places&callback=initMap (1414)
[1002/000606.058:INFO:CONSOLE(1316)] "As of February 21st, 2024, google.maps.Marker is deprecated. Please use google.maps.marker.AdvancedMarkerElement instead. At this time, google.maps.Marker is not scheduled to be discontinued, but google.maps.marker.AdvancedMarkerElement is recommended over google.maps.Marker. While google.maps.Marker will continue to receive bug fixes for any major regressions, existing bugs in google.maps.Marker will not be addressed. At least 12 months notice will be given before support is discontinued. Please see https://developers.google.com/maps/deprecations for additional details and https://developers.google.com/maps/documentation/javascript/advanced-markers/migration for the migration guide.", source: https://maps.googleapis.com/maps/api/js?key=AIzaSyDPkUXr4b0-RMXsH8207nLFJejiKvZeNN4&v=weekly&language=en&libraries=places&callback=initMap (1316)
[1002/000606.475:WARNING:spdy_session.cc(3505)] Received HEADERS for invalid stream 279
[1002/000606.475:WARNING:spdy_session.cc(3505)] Received HEADERS for invalid stream 281
[1002/000606.534:INFO:CONSOLE(1414)] "Google Maps JavaScript API has been loaded directly without loading=async. This can result in suboptimal performance. For best-practice loading patterns please see https://goo.gle/js-api-loading", source: https://maps.googleapis.com/maps/api/js?key=AIzaSyDPkUXr4b0-RMXsH8207nLFJejiKvZeNN4&v=weekly&language=en&libraries=places&callback=initMap (1414)
[1002/000606.553:INFO:CONSOLE(1316)] "As of February 21st, 2024, google.maps.Marker is deprecated. Please use google.maps.marker.AdvancedMarkerElement instead. At this time, google.maps.Marker is not scheduled to be discontinued, but google.maps.marker.AdvancedMarkerElement is recommended over google.maps.Marker. While google.maps.Marker will continue to receive bug fixes for any major regressions, existing bugs in google.maps.Marker will not be addressed. At least 12 months notice will be given before support is discontinued. Please see https://developers.google.com/maps/deprecations for additional details and https://developers.google.com/maps/documentation/javascript/advanced-markers/migration for the migration guide.", source: https://maps.googleapis.com/maps/api/js?key=AIzaSyDPkUXr4b0-RMXsH8207nLFJejiKvZeNN4&v=weekly&language=en&libraries=places&callback=initMap (1316)
[1002/000606.920:INFO:CONSOLE(1414)] "Google Maps JavaScript API has been loaded directly without loading=async. This can result in suboptimal performance. For best-practice loading patterns please see https://goo.gle/js-api-loading", source: https://maps.googleapis.com/maps/api/js?key=AIzaSyDPkUXr4b0-RMXsH8207nLFJejiKvZeNN4&v=weekly&language=en&libraries=places&callback=initMap (1414)
[1002/000606.938:INFO:CONSOLE(1316)] "As of February 21st, 2024, google.maps.Marker is deprecated. Please use google.maps.marker.AdvancedMarkerElement instead. At this time, google.maps.Marker is not scheduled to be discontinued, but google.maps.marker.AdvancedMarkerElement is recommended over google.maps.Marker. While google.maps.Marker will continue to receive bug fixes for any major regressions, existing bugs in google.maps.Marker will not be addressed. At least 12 months notice will be given before support is discontinued. Please see https://developers.google.com/maps/deprecations for additional details and https://developers.google.com/maps/documentation/javascript/advanced-markers/migration for the migration guide.", source: https://maps.googleapis.com/maps/api/js?key=AIzaSyDPkUXr4b0-RMXsH8207nLFJejiKvZeNN4&v=weekly&language=en&libraries=places&callback=initMap (1316)
[1002/000607.023:WARNING:spdy_session.cc(3505)] Received HEADERS for invalid stream 319
[1002/000607.153:WARNING:spdy_session.cc(3505)] Received HEADERS for invalid stream 321
[1002/000608.415:INFO:CONSOLE(1414)] "Google Maps JavaScript API has been loaded directly without loading=async. This can result in suboptimal performance. For best-practice loading patterns please see https://goo.gle/js-api-loading", source: https://maps.googleapis.com/maps/api/js?key=AIzaSyDPkUXr4b0-RMXsH8207nLFJejiKvZeNN4&v=weekly&language=en&libraries=places&callback=initMap (1414)
[1002/000608.432:INFO:CONSOLE(1316)] "As of February 21st, 2024, google.maps.Marker is deprecated. Please use google.maps.marker.AdvancedMarkerElement instead. At this time, google.maps.Marker is not scheduled to be discontinued, but google.maps.marker.AdvancedMarkerElement is recommended over google.maps.Marker. While google.maps.Marker will continue to receive bug fixes for any major regressions, existing bugs in google.maps.Marker will not be addressed. At least 12 months notice will be given before support is discontinued. Please see https://developers.google.com/maps/deprecations for additional details and https://developers.google.com/maps/documentation/javascript/advanced-markers/migration for the migration guide.", source: https://maps.googleapis.com/maps/api/js?key=AIzaSyDPkUXr4b0-RMXsH8207nLFJejiKvZeNN4&v=weekly&language=en&libraries=places&callback=initMap (1316)
[1002/000619.292:INFO:CONSOLE(1414)] "Google Maps JavaScript API has been loaded directly without loading=async. This can result in suboptimal performance. For best-practice loading patterns please see https://goo.gle/js-api-loading", source: https://maps.googleapis.com/maps/api/js?key=AIzaSyDPkUXr4b0-RMXsH8207nLFJejiKvZeNN4&v=weekly&language=en&libraries=places&callback=initMap (1414)
[1002/000619.344:INFO:CONSOLE(1316)] "As of February 21st, 2024, google.maps.Marker is deprecated. Please use google.maps.marker.AdvancedMarkerElement instead. At this time, google.maps.Marker is not scheduled to be discontinued, but google.maps.marker.AdvancedMarkerElement is recommended over google.maps.Marker. While google.maps.Marker will continue to receive bug fixes for any major regressions, existing bugs in google.maps.Marker will not be addressed. At least 12 months notice will be given before support is discontinued. Please see https://developers.google.com/maps/deprecations for additional details and https://developers.google.com/maps/documentation/javascript/advanced-markers/migration for the migration guide.", source: https://maps.googleapis.com/maps/api/js?key=AIzaSyDPkUXr4b0-RMXsH8207nLFJejiKvZeNN4&v=weekly&language=en&libraries=places&callback=initMap (1316)
[1002/000652.935:INFO:CONSOLE(1)] "THREE.WebGLRenderer: A WebGL context could not be created. Reason:  Could not create a WebGL context, VENDOR = 0xffff, DEVICE = 0xffff, Sandboxed = no, Optimus = no, AMD switchable = no, Reset notification strategy = 0x0000, ErrorMessage = OffscreenContext Creation failed, GpuChannelHost creation failed.", source: https://platform.spacemap42.com/_next/static/chunks/2117-2b4d4540d76ab2c9.js (1)
[1002/000652.935:INFO:CONSOLE(1)] "THREE.WebGLRenderer: A WebGL context could not be created. Reason:  Failed to create a WebGL2 context.", source: https://platform.spacemap42.com/_next/static/chunks/2117-2b4d4540d76ab2c9.js (1)
[1002/000652.936:INFO:CONSOLE(1)] "THREE.WebGLRenderer: A WebGL context could not be created. Reason:  Could not create a WebGL context, VENDOR = 0xffff, DEVICE = 0xffff, Sandboxed = no, Optimus = no, AMD switchable = no, Reset notification strategy = 0x0000, ErrorMessage = OffscreenContext Creation failed, GpuChannelHost creation failed.", source: https://platform.spacemap42.com/_next/static/chunks/2117-2b4d4540d76ab2c9.js (1)
[1002/000652.936:INFO:CONSOLE(1)] "THREE.WebGLRenderer: A WebGL context could not be created. Reason:  Failed to create a WebGL2 context.", source: https://platform.spacemap42.com/_next/static/chunks/2117-2b4d4540d76ab2c9.js (1)
[1002/000652.936:INFO:CONSOLE(1)] "THREE.WebGLRenderer: Error creating WebGL context.", source: https://platform.spacemap42.com/_next/static/chunks/2117-2b4d4540d76ab2c9.js (1)
[1002/000652.976:INFO:CONSOLE(1)] "Error: Error creating WebGL context.", source: https://platform.spacemap42.com/_next/static/chunks/2117-2b4d4540d76ab2c9.js (1)
[1002/000657.261:WARNING:spdy_session.cc(3505)] Received HEADERS for invalid stream 5
[1002/000714.347:INFO:CONSOLE(1)] "THREE.WebGLRenderer: A WebGL context could not be created. Reason:  Could not create a WebGL context, VENDOR = 0xffff, DEVICE = 0xffff, Sandboxed = no, Optimus = no, AMD switchable = no, Reset notification strategy = 0x0000, ErrorMessage = OffscreenContext Creation failed, GpuChannelHost creation failed.", source: https://tube.spacemap42.com/_next/static/chunks/2117-55834cbd635570c9.js (1)
[1002/000714.347:INFO:CONSOLE(1)] "THREE.WebGLRenderer: A WebGL context could not be created. Reason:  Failed to create a WebGL2 context.", source: https://tube.spacemap42.com/_next/static/chunks/2117-55834cbd635570c9.js (1)
[1002/000714.347:INFO:CONSOLE(1)] "THREE.WebGLRenderer: A WebGL context could not be created. Reason:  Could not create a WebGL context, VENDOR = 0xffff, DEVICE = 0xffff, Sandboxed = no, Optimus = no, AMD switchable = no, Reset notification strategy = 0x0000, ErrorMessage = OffscreenContext Creation failed, GpuChannelHost creation failed.", source: https://tube.spacemap42.com/_next/static/chunks/2117-55834cbd635570c9.js (1)
[1002/000714.347:INFO:CONSOLE(1)] "THREE.WebGLRenderer: A WebGL context could not be created. Reason:  Failed to create a WebGL2 context.", source: https://tube.spacemap42.com/_next/static/chunks/2117-55834cbd635570c9.js (1)
[1002/000714.347:INFO:CONSOLE(1)] "THREE.WebGLRenderer: Error creating WebGL context.", source: https://tube.spacemap42.com/_next/static/chunks/2117-55834cbd635570c9.js (1)
[1002/000714.394:INFO:CONSOLE(1)] "Error: Error creating WebGL context.", source: https://tube.spacemap42.com/_next/static/chunks/2117-55834cbd635570c9.js (1)
[1002/000716.519:WARNING:spdy_session.cc(3505)] Received HEADERS for invalid stream 15
[1002/000719.639:INFO:CONSOLE(1414)] "Google Maps JavaScript API has been loaded directly without loading=async. This can result in suboptimal performance. For best-practice loading patterns please see https://goo.gle/js-api-loading", source: https://maps.googleapis.com/maps/api/js?key=AIzaSyDPkUXr4b0-RMXsH8207nLFJejiKvZeNN4&v=weekly&language=en&libraries=places&callback=initMap (1414)
[1002/000719.685:INFO:CONSOLE(1316)] "As of February 21st, 2024, google.maps.Marker is deprecated. Please use google.maps.marker.AdvancedMarkerElement instead. At this time, google.maps.Marker is not scheduled to be discontinued, but google.maps.marker.AdvancedMarkerElement is recommended over google.maps.Marker. While google.maps.Marker will continue to receive bug fixes for any major regressions, existing bugs in google.maps.Marker will not be addressed. At least 12 months notice will be given before support is discontinued. Please see https://developers.google.com/maps/deprecations for additional details and https://developers.google.com/maps/documentation/javascript/advanced-markers/migration for the migration guide.", source: https://maps.googleapis.com/maps/api/js?key=AIzaSyDPkUXr4b0-RMXsH8207nLFJejiKvZeNN4&v=weekly&language=en&libraries=places&callback=initMap (1316)
[1002/000740.902:INFO:CONSOLE(1)] "THREE.WebGLRenderer: A WebGL context could not be created. Reason:  Could not create a WebGL context, VENDOR = 0xffff, DEVICE = 0xffff, Sandboxed = no, Optimus = no, AMD switchable = no, Reset notification strategy = 0x0000, ErrorMessage = OffscreenContext Creation failed, GpuChannelHost creation failed.", source: https://platform.spacemap42.com/_next/static/chunks/2117-2b4d4540d76ab2c9.js (1)
[1002/000740.902:INFO:CONSOLE(1)] "THREE.WebGLRenderer: A WebGL context could not be created. Reason:  Failed to create a WebGL2 context.", source: https://platform.spacemap42.com/_next/static/chunks/2117-2b4d4540d76ab2c9.js (1)
[1002/000740.902:INFO:CONSOLE(1)] "THREE.WebGLRenderer: A WebGL context could not be created. Reason:  Could not create a WebGL context, VENDOR = 0xffff, DEVICE = 0xffff, Sandboxed = no, Optimus = no, AMD switchable = no, Reset notification strategy = 0x0000, ErrorMessage = OffscreenContext Creation failed, GpuChannelHost creation failed.", source: https://platform.spacemap42.com/_next/static/chunks/2117-2b4d4540d76ab2c9.js (1)
[1002/000740.902:INFO:CONSOLE(1)] "THREE.WebGLRenderer: A WebGL context could not be created. Reason:  Failed to create a WebGL2 context.", source: https://platform.spacemap42.com/_next/static/chunks/2117-2b4d4540d76ab2c9.js (1)
[1002/000740.902:INFO:CONSOLE(1)] "THREE.WebGLRenderer: Error creating WebGL context.", source: https://platform.spacemap42.com/_next/static/chunks/2117-2b4d4540d76ab2c9.js (1)
[1002/000740.937:INFO:CONSOLE(1)] "Error: Error creating WebGL context.", source: https://platform.spacemap42.com/_next/static/chunks/2117-2b4d4540d76ab2c9.js (1)
[1002/000846.443:INFO:modulator_impl_base.cc(141)] "Import Map: \"three\" matches with \"three\" and is mapped to https://cdnjs.cloudflare.com/ajax/libs/three.js/0.150.0/three.module.min.js"
[1002/000846.803:INFO:modulator_impl_base.cc(141)] "Import Map: \"x\" matches with \"x\" and is mapped to blob:https://theskylive.com/e6a99139-cf75-4194-86b5-a6697f1b7668"
[1002/000846.803:INFO:modulator_impl_base.cc(141)] "Import Map: \"blob:https://theskylive.com/60b11ea5-615c-454d-9517-c9f95827cce2\" skips prefix match because of non-special URL scheme"
[1002/000847.942:INFO:CONSOLE(1594)] "Uncaught TypeError: Cannot read property 'open' of undefined", source: https://theskylive.com/planetarium (1594)
[1002/000921.162:INFO:modulator_impl_base.cc(141)] "Import Map: \"three\" matches with \"three\" and is mapped to https://cdnjs.cloudflare.com/ajax/libs/three.js/0.150.0/three.module.min.js"
[1002/000921.162:INFO:modulator_impl_base.cc(141)] "Import Map: \"three/addons/OrbitControls.js\" matches with \"three/addons/\" and is mapped to https://theskylive.com/libjs/threejs/r150/jsm/OrbitControls.js"
[1002/000921.162:INFO:modulator_impl_base.cc(141)] "Import Map: \"three/addons/Lensflare.js\" matches with \"three/addons/\" and is mapped to https://theskylive.com/libjs/threejs/r150/jsm/Lensflare.js"
[1002/000921.361:INFO:modulator_impl_base.cc(141)] "Import Map: \"x\" matches with \"x\" and is mapped to blob:https://theskylive.com/81259b29-51cb-44f6-a3ee-64169077fce0"
[1002/000921.361:INFO:modulator_impl_base.cc(141)] "Import Map: \"blob:https://theskylive.com/b7a124d2-f974-4550-ae15-56565b62d9ac\" skips prefix match because of non-special URL scheme"
[1002/000921.417:INFO:modulator_impl_base.cc(141)] "Import Map: \"three\" matches with \"three\" and is mapped to https://cdnjs.cloudflare.com/ajax/libs/three.js/0.150.0/three.module.min.js"
[1002/000921.418:INFO:modulator_impl_base.cc(141)] "Import Map: \"three\" matches with \"three\" and is mapped to https://cdnjs.cloudflare.com/ajax/libs/three.js/0.150.0/three.module.min.js"
[1002/000921.458:INFO:modulator_impl_base.cc(141)] "Import Map: \"x\" matches with \"x\" and is mapped to blob:https://theskylive.com/2a01be65-2d17-4476-814f-3d76b45e4969"
[1002/000921.458:INFO:modulator_impl_base.cc(141)] "Import Map: \"blob:https://theskylive.com/b9c404f6-1d01-4da9-a5bd-9b8315b6bcbb\" skips prefix match because of non-special URL scheme"
[1002/000923.009:INFO:CONSOLE(186)] "THREE.WebGLRenderer: A WebGL context could not be created. Reason:  Could not create a WebGL context, VENDOR = 0xffff, DEVICE = 0xffff, Sandboxed = no, Optimus = no, AMD switchable = no, Reset notification strategy = 0x0000, ErrorMessage = OffscreenContext Creation failed, GpuChannelHost creation failed.", source: https://cdnjs.cloudflare.com/ajax/libs/three.js/0.150.0/three.module.min.js (186)
[1002/000923.009:INFO:CONSOLE(186)] "THREE.WebGLRenderer: A WebGL context could not be created. Reason:  Failed to create a WebGL2 context.", source: https://cdnjs.cloudflare.com/ajax/libs/three.js/0.150.0/three.module.min.js (186)
[1002/000923.009:INFO:CONSOLE(186)] "THREE.WebGLRenderer: A WebGL context could not be created. Reason:  Could not create a WebGL context, VENDOR = 0xffff, DEVICE = 0xffff, Sandboxed = no, Optimus = no, AMD switchable = no, Reset notification strategy = 0x0000, ErrorMessage = OffscreenContext Creation failed, GpuChannelHost creation failed.", source: https://cdnjs.cloudflare.com/ajax/libs/three.js/0.150.0/three.module.min.js (186)
[1002/000923.009:INFO:CONSOLE(186)] "THREE.WebGLRenderer: A WebGL context could not be created. Reason:  Could not create a WebGL context, VENDOR = 0xffff, DEVICE = 0xffff, Sandboxed = no, Optimus = no, AMD switchable = no, Reset notification strategy = 0x0000, ErrorMessage = OffscreenContext Creation failed, GpuChannelHost creation failed.", source: https://cdnjs.cloudflare.com/ajax/libs/three.js/0.150.0/three.module.min.js (186)
[1002/000923.010:INFO:CONSOLE(186)] "THREE.WebGLRenderer: A WebGL context could not be created. Reason:  Could not create a WebGL context, VENDOR = 0xffff, DEVICE = 0xffff, Sandboxed = no, Optimus = no, AMD switchable = no, Reset notification strategy = 0x0000, ErrorMessage = OffscreenContext Creation failed, GpuChannelHost creation failed.", source: https://cdnjs.cloudflare.com/ajax/libs/three.js/0.150.0/three.module.min.js (186)
[1002/000923.010:INFO:CONSOLE(186)] "THREE.WebGLRenderer: A WebGL context could not be created. Reason:  Failed to create a WebGL2 context.", source: https://cdnjs.cloudflare.com/ajax/libs/three.js/0.150.0/three.module.min.js (186)
[1002/000923.010:INFO:CONSOLE(186)] "THREE.WebGLRenderer: A WebGL context could not be created. Reason:  Could not create a WebGL context, VENDOR = 0xffff, DEVICE = 0xffff, Sandboxed = no, Optimus = no, AMD switchable = no, Reset notification strategy = 0x0000, ErrorMessage = OffscreenContext Creation failed, GpuChannelHost creation failed.", source: https://cdnjs.cloudflare.com/ajax/libs/three.js/0.150.0/three.module.min.js (186)
[1002/000923.010:INFO:CONSOLE(186)] "THREE.WebGLRenderer: A WebGL context could not be created. Reason:  Could not create a WebGL context, VENDOR = 0xffff, DEVICE = 0xffff, Sandboxed = no, Optimus = no, AMD switchable = no, Reset notification strategy = 0x0000, ErrorMessage = OffscreenContext Creation failed, GpuChannelHost creation failed.", source: https://cdnjs.cloudflare.com/ajax/libs/three.js/0.150.0/three.module.min.js (186)
[1002/000923.011:INFO:CONSOLE(186)] "THREE.WebGLRenderer: Error creating WebGL context.", source: https://cdnjs.cloudflare.com/ajax/libs/three.js/0.150.0/three.module.min.js (186)
[1002/000944.368:INFO:modulator_impl_base.cc(141)] "Import Map: \"three\" matches with \"three\" and is mapped to https://cdnjs.cloudflare.com/ajax/libs/three.js/0.150.0/three.module.min.js"
[1002/000944.368:INFO:modulator_impl_base.cc(141)] "Import Map: \"three/addons/OrbitControls.js\" matches with \"three/addons/\" and is mapped to https://theskylive.com/libjs/threejs/r150/jsm/OrbitControls.js"
[1002/000944.368:INFO:modulator_impl_base.cc(141)] "Import Map: \"three/addons/Lensflare.js\" matches with \"three/addons/\" and is mapped to https://theskylive.com/libjs/threejs/r150/jsm/Lensflare.js"
[1002/000944.413:INFO:modulator_impl_base.cc(141)] "Import Map: \"x\" matches with \"x\" and is mapped to blob:https://theskylive.com/ca4c3b06-5f05-4e1b-8a1d-bf0af3986981"
[1002/000944.413:INFO:modulator_impl_base.cc(141)] "Import Map: \"blob:https://theskylive.com/70609944-6b48-4cc8-b710-9c82aae6f5bc\" skips prefix match because of non-special URL scheme"
[1002/000944.415:INFO:modulator_impl_base.cc(141)] "Import Map: \"three\" matches with \"three\" and is mapped to https://cdnjs.cloudflare.com/ajax/libs/three.js/0.150.0/three.module.min.js"
[1002/000944.417:INFO:modulator_impl_base.cc(141)] "Import Map: \"three\" matches with \"three\" and is mapped to https://cdnjs.cloudflare.com/ajax/libs/three.js/0.150.0/three.module.min.js"
[1002/000944.491:INFO:modulator_impl_base.cc(141)] "Import Map: \"x\" matches with \"x\" and is mapped to blob:https://theskylive.com/506e5246-815d-4199-ac6b-a3b062948270"
[1002/000944.492:INFO:modulator_impl_base.cc(141)] "Import Map: \"blob:https://theskylive.com/c903ae24-1dfa-4c0c-a16c-7a057065f823\" skips prefix match because of non-special URL scheme"
[1002/000945.347:INFO:modulator_impl_base.cc(141)] "Import Map: \"three\" matches with \"three\" and is mapped to https://cdnjs.cloudflare.com/ajax/libs/three.js/0.150.0/three.module.min.js"
[1002/000945.400:INFO:modulator_impl_base.cc(141)] "Import Map: \"x\" matches with \"x\" and is mapped to blob:https://theskylive.com/8b4a447f-6fc3-4945-8699-5dd198fcac3d"
[1002/000945.400:INFO:modulator_impl_base.cc(141)] "Import Map: \"blob:https://theskylive.com/1bfe5bf6-85b8-4ee5-aa06-961504c8fdd7\" skips prefix match because of non-special URL scheme"
[1002/000945.494:INFO:modulator_impl_base.cc(141)] "Import Map: \"x\" matches with \"x\" and is mapped to blob:https://theskylive.com/bf3956a5-0369-4d7d-bc0d-d41899166c15"
[1002/000945.494:INFO:modulator_impl_base.cc(141)] "Import Map: \"blob:https://theskylive.com/a3689c1e-3b69-4b2a-b2be-17147b573654\" skips prefix match because of non-special URL scheme"
[1002/000946.355:INFO:CONSOLE(1594)] "Uncaught TypeError: Cannot read property 'open' of undefined", source: https://theskylive.com/planetarium (1594)
[1002/000947.446:INFO:CONSOLE(2010)] "Uncaught TypeError: Cannot set property 'fov' of undefined", source: https://theskylive.com/libjs/_lib_planetarium_v4_th_v2.js?v=1.0&c=1756852464 (2010)
[1002/000947.537:INFO:CONSOLE(2010)] "Uncaught TypeError: Cannot set property 'fov' of undefined", source: https://theskylive.com/libjs/_lib_planetarium_v4_th_v2.js?v=1.0&c=1756852464 (2010)
[1002/000947.547:INFO:CONSOLE(2010)] "Uncaught TypeError: Cannot set property 'fov' of undefined", source: https://theskylive.com/libjs/_lib_planetarium_v4_th_v2.js?v=1.0&c=1756852464 (2010)
[1002/000947.550:INFO:CONSOLE(2010)] "Uncaught TypeError: Cannot set property 'fov' of undefined", source: https://theskylive.com/libjs/_lib_planetarium_v4_th_v2.js?v=1.0&c=1756852464 (2010)
[1002/000947.553:INFO:CONSOLE(2010)] "Uncaught TypeError: Cannot set property 'fov' of undefined", source: https://theskylive.com/libjs/_lib_planetarium_v4_th_v2.js?v=1.0&c=1756852464 (2010)
[1002/000947.566:INFO:CONSOLE(2010)] "Uncaught TypeError: Cannot set property 'fov' of undefined", source: https://theskylive.com/libjs/_lib_planetarium_v4_th_v2.js?v=1.0&c=1756852464 (2010)
[1002/000947.573:INFO:CONSOLE(2010)] "Uncaught TypeError: Cannot set property 'fov' of undefined", source: https://theskylive.com/libjs/_lib_planetarium_v4_th_v2.js?v=1.0&c=1756852464 (2010)
[1002/000947.583:INFO:CONSOLE(2010)] "Uncaught TypeError: Cannot set property 'fov' of undefined", source: https://theskylive.com/libjs/_lib_planetarium_v4_th_v2.js?v=1.0&c=1756852464 (2010)
[1002/000947.596:INFO:CONSOLE(2010)] "Uncaught TypeError: Cannot set property 'fov' of undefined", source: https://theskylive.com/libjs/_lib_planetarium_v4_th_v2.js?v=1.0&c=1756852464 (2010)
[1002/000947.608:INFO:CONSOLE(2010)] "Uncaught TypeError: Cannot set property 'fov' of undefined", source: https://theskylive.com/libjs/_lib_planetarium_v4_th_v2.js?v=1.0&c=1756852464 (2010)
[1002/000947.620:INFO:CONSOLE(2010)] "Uncaught TypeError: Cannot set property 'fov' of undefined", source: https://theskylive.com/libjs/_lib_planetarium_v4_th_v2.js?v=1.0&c=1756852464 (2010)
[1002/000947.628:INFO:CONSOLE(2010)] "Uncaught TypeError: Cannot set property 'fov' of undefined", source: https://theskylive.com/libjs/_lib_planetarium_v4_th_v2.js?v=1.0&c=1756852464 (2010)
[1002/000947.644:INFO:CONSOLE(2010)] "Uncaught TypeError: Cannot set property 'fov' of undefined", source: https://theskylive.com/libjs/_lib_planetarium_v4_th_v2.js?v=1.0&c=1756852464 (2010)
[1002/000947.658:INFO:CONSOLE(2010)] "Uncaught TypeError: Cannot set property 'fov' of undefined", source: https://theskylive.com/libjs/_lib_planetarium_v4_th_v2.js?v=1.0&c=1756852464 (2010)
[1002/000947.666:INFO:CONSOLE(2010)] "Uncaught TypeError: Cannot set property 'fov' of undefined", source: https://theskylive.com/libjs/_lib_planetarium_v4_th_v2.js?v=1.0&c=1756852464 (2010)
[1002/000947.673:INFO:CONSOLE(2010)] "Uncaught TypeError: Cannot set property 'fov' of undefined", source: https://theskylive.com/libjs/_lib_planetarium_v4_th_v2.js?v=1.0&c=1756852464 (2010)
[1002/000947.682:INFO:CONSOLE(2010)] "Uncaught TypeError: Cannot set property 'fov' of undefined", source: https://theskylive.com/libjs/_lib_planetarium_v4_th_v2.js?v=1.0&c=1756852464 (2010)
[1002/000947.686:INFO:CONSOLE(2010)] "Uncaught TypeError: Cannot set property 'fov' of undefined", source: https://theskylive.com/libjs/_lib_planetarium_v4_th_v2.js?v=1.0&c=1756852464 (2010)
[1002/000947.700:INFO:CONSOLE(2010)] "Uncaught TypeError: Cannot set property 'fov' of undefined", source: https://theskylive.com/libjs/_lib_planetarium_v4_th_v2.js?v=1.0&c=1756852464 (2010)
[1002/000947.703:INFO:CONSOLE(2010)] "Uncaught TypeError: Cannot set property 'fov' of undefined", source: https://theskylive.com/libjs/_lib_planetarium_v4_th_v2.js?v=1.0&c=1756852464 (2010)
[1002/000947.712:INFO:CONSOLE(2010)] "Uncaught TypeError: Cannot set property 'fov' of undefined", source: https://theskylive.com/libjs/_lib_planetarium_v4_th_v2.js?v=1.0&c=1756852464 (2010)
[1002/000947.716:INFO:CONSOLE(2010)] "Uncaught TypeError: Cannot set property 'fov' of undefined", source: https://theskylive.com/libjs/_lib_planetarium_v4_th_v2.js?v=1.0&c=1756852464 (2010)
[1002/000947.720:INFO:CONSOLE(2010)] "Uncaught TypeError: Cannot set property 'fov' of undefined", source: https://theskylive.com/libjs/_lib_planetarium_v4_th_v2.js?v=1.0&c=1756852464 (2010)
[1002/000947.728:INFO:CONSOLE(2010)] "Uncaught TypeError: Cannot set property 'fov' of undefined", source: https://theskylive.com/libjs/_lib_planetarium_v4_th_v2.js?v=1.0&c=1756852464 (2010)
[1002/000947.736:INFO:CONSOLE(2010)] "Uncaught TypeError: Cannot set property 'fov' of undefined", source: https://theskylive.com/libjs/_lib_planetarium_v4_th_v2.js?v=1.0&c=1756852464 (2010)
[1002/000947.741:INFO:CONSOLE(2010)] "Uncaught TypeError: Cannot set property 'fov' of undefined", source: https://theskylive.com/libjs/_lib_planetarium_v4_th_v2.js?v=1.0&c=1756852464 (2010)
[1002/000947.745:INFO:CONSOLE(2010)] "Uncaught TypeError: Cannot set property 'fov' of undefined", source: https://theskylive.com/libjs/_lib_planetarium_v4_th_v2.js?v=1.0&c=1756852464 (2010)
[1002/000947.753:INFO:CONSOLE(2010)] "Uncaught TypeError: Cannot set property 'fov' of undefined", source: https://theskylive.com/libjs/_lib_planetarium_v4_th_v2.js?v=1.0&c=1756852464 (2010)
[1002/000947.757:INFO:CONSOLE(2010)] "Uncaught TypeError: Cannot set property 'fov' of undefined", source: https://theskylive.com/libjs/_lib_planetarium_v4_th_v2.js?v=1.0&c=1756852464 (2010)
[1002/000947.766:INFO:CONSOLE(2010)] "Uncaught TypeError: Cannot set property 'fov' of undefined", source: https://theskylive.com/libjs/_lib_planetarium_v4_th_v2.js?v=1.0&c=1756852464 (2010)
[1002/000947.774:INFO:CONSOLE(2010)] "Uncaught TypeError: Cannot set property 'fov' of undefined", source: https://theskylive.com/libjs/_lib_planetarium_v4_th_v2.js?v=1.0&c=1756852464 (2010)
[1002/000947.787:INFO:CONSOLE(2010)] "Uncaught TypeError: Cannot set property 'fov' of undefined", source: https://theskylive.com/libjs/_lib_planetarium_v4_th_v2.js?v=1.0&c=1756852464 (2010)
[1002/000947.796:INFO:CONSOLE(2010)] "Uncaught TypeError: Cannot set property 'fov' of undefined", source: https://theskylive.com/libjs/_lib_planetarium_v4_th_v2.js?v=1.0&c=1756852464 (2010)
[1002/000947.803:INFO:CONSOLE(2010)] "Uncaught TypeError: Cannot set property 'fov' of undefined", source: https://theskylive.com/libjs/_lib_planetarium_v4_th_v2.js?v=1.0&c=1756852464 (2010)
[1002/000948.443:INFO:CONSOLE(2010)] "Uncaught TypeError: Cannot set property 'fov' of undefined", source: https://theskylive.com/libjs/_lib_planetarium_v4_th_v2.js?v=1.0&c=1756852464 (2010)
[1002/000948.454:INFO:CONSOLE(2010)] "Uncaught TypeError: Cannot set property 'fov' of undefined", source: https://theskylive.com/libjs/_lib_planetarium_v4_th_v2.js?v=1.0&c=1756852464 (2010)
[1002/000948.466:INFO:CONSOLE(2010)] "Uncaught TypeError: Cannot set property 'fov' of undefined", source: https://theskylive.com/libjs/_lib_planetarium_v4_th_v2.js?v=1.0&c=1756852464 (2010)
[1002/000948.479:INFO:CONSOLE(2010)] "Uncaught TypeError: Cannot set property 'fov' of undefined", source: https://theskylive.com/libjs/_lib_planetarium_v4_th_v2.js?v=1.0&c=1756852464 (2010)
[1002/000948.486:INFO:CONSOLE(2010)] "Uncaught TypeError: Cannot set property 'fov' of undefined", source: https://theskylive.com/libjs/_lib_planetarium_v4_th_v2.js?v=1.0&c=1756852464 (2010)
[1002/000948.495:INFO:CONSOLE(2010)] "Uncaught TypeError: Cannot set property 'fov' of undefined", source: https://theskylive.com/libjs/_lib_planetarium_v4_th_v2.js?v=1.0&c=1756852464 (2010)
[1002/000948.503:INFO:CONSOLE(2010)] "Uncaught TypeError: Cannot set property 'fov' of undefined", source: https://theskylive.com/libjs/_lib_planetarium_v4_th_v2.js?v=1.0&c=1756852464 (2010)
[1002/000948.508:INFO:CONSOLE(2010)] "Uncaught TypeError: Cannot set property 'fov' of undefined", source: https://theskylive.com/libjs/_lib_planetarium_v4_th_v2.js?v=1.0&c=1756852464 (2010)
[1002/000948.516:INFO:CONSOLE(2010)] "Uncaught TypeError: Cannot set property 'fov' of undefined", source: https://theskylive.com/libjs/_lib_planetarium_v4_th_v2.js?v=1.0&c=1756852464 (2010)
[1002/000948.519:INFO:CONSOLE(2010)] "Uncaught TypeError: Cannot set property 'fov' of undefined", source: https://theskylive.com/libjs/_lib_planetarium_v4_th_v2.js?v=1.0&c=1756852464 (2010)
[1002/000948.523:INFO:CONSOLE(2010)] "Uncaught TypeError: Cannot set property 'fov' of undefined", source: https://theskylive.com/libjs/_lib_planetarium_v4_th_v2.js?v=1.0&c=1756852464 (2010)
[1002/000948.528:INFO:CONSOLE(2010)] "Uncaught TypeError: Cannot set property 'fov' of undefined", source: https://theskylive.com/libjs/_lib_planetarium_v4_th_v2.js?v=1.0&c=1756852464 (2010)
[1002/000948.534:INFO:CONSOLE(2010)] "Uncaught TypeError: Cannot set property 'fov' of undefined", source: https://theskylive.com/libjs/_lib_planetarium_v4_th_v2.js?v=1.0&c=1756852464 (2010)
[1002/000948.536:INFO:CONSOLE(2010)] "Uncaught TypeError: Cannot set property 'fov' of undefined", source: https://theskylive.com/libjs/_lib_planetarium_v4_th_v2.js?v=1.0&c=1756852464 (2010)
[1002/000948.540:INFO:CONSOLE(2010)] "Uncaught TypeError: Cannot set property 'fov' of undefined", source: https://theskylive.com/libjs/_lib_planetarium_v4_th_v2.js?v=1.0&c=1756852464 (2010)
[1002/000948.545:INFO:CONSOLE(2010)] "Uncaught TypeError: Cannot set property 'fov' of undefined", source: https://theskylive.com/libjs/_lib_planetarium_v4_th_v2.js?v=1.0&c=1756852464 (2010)
[1002/000948.550:INFO:CONSOLE(2010)] "Uncaught TypeError: Cannot set property 'fov' of undefined", source: https://theskylive.com/libjs/_lib_planetarium_v4_th_v2.js?v=1.0&c=1756852464 (2010)
[1002/000948.553:INFO:CONSOLE(2010)] "Uncaught TypeError: Cannot set property 'fov' of undefined", source: https://theskylive.com/libjs/_lib_planetarium_v4_th_v2.js?v=1.0&c=1756852464 (2010)
[1002/000948.562:INFO:CONSOLE(2010)] "Uncaught TypeError: Cannot set property 'fov' of undefined", source: https://theskylive.com/libjs/_lib_planetarium_v4_th_v2.js?v=1.0&c=1756852464 (2010)
[1002/000948.566:INFO:CONSOLE(2010)] "Uncaught TypeError: Cannot set property 'fov' of undefined", source: https://theskylive.com/libjs/_lib_planetarium_v4_th_v2.js?v=1.0&c=1756852464 (2010)
[1002/000948.571:INFO:CONSOLE(2010)] "Uncaught TypeError: Cannot set property 'fov' of undefined", source: https://theskylive.com/libjs/_lib_planetarium_v4_th_v2.js?v=1.0&c=1756852464 (2010)
[1002/000948.574:INFO:CONSOLE(2010)] "Uncaught TypeError: Cannot set property 'fov' of undefined", source: https://theskylive.com/libjs/_lib_planetarium_v4_th_v2.js?v=1.0&c=1756852464 (2010)
[1002/000948.578:INFO:CONSOLE(2010)] "Uncaught TypeError: Cannot set property 'fov' of undefined", source: https://theskylive.com/libjs/_lib_planetarium_v4_th_v2.js?v=1.0&c=1756852464 (2010)
[1002/000948.586:INFO:CONSOLE(2010)] "Uncaught TypeError: Cannot set property 'fov' of undefined", source: https://theskylive.com/libjs/_lib_planetarium_v4_th_v2.js?v=1.0&c=1756852464 (2010)
[1002/000948.590:INFO:CONSOLE(2010)] "Uncaught TypeError: Cannot set property 'fov' of undefined", source: https://theskylive.com/libjs/_lib_planetarium_v4_th_v2.js?v=1.0&c=1756852464 (2010)
[1002/000948.594:INFO:CONSOLE(2010)] "Uncaught TypeError: Cannot set property 'fov' of undefined", source: https://theskylive.com/libjs/_lib_planetarium_v4_th_v2.js?v=1.0&c=1756852464 (2010)
[1002/000948.598:INFO:CONSOLE(2010)] "Uncaught TypeError: Cannot set property 'fov' of undefined", source: https://theskylive.com/libjs/_lib_planetarium_v4_th_v2.js?v=1.0&c=1756852464 (2010)
[1002/000948.603:INFO:CONSOLE(2010)] "Uncaught TypeError: Cannot set property 'fov' of undefined", source: https://theskylive.com/libjs/_lib_planetarium_v4_th_v2.js?v=1.0&c=1756852464 (2010)
[1002/000948.612:INFO:CONSOLE(2010)] "Uncaught TypeError: Cannot set property 'fov' of undefined", source: https://theskylive.com/libjs/_lib_planetarium_v4_th_v2.js?v=1.0&c=1756852464 (2010)
[1002/000948.615:INFO:CONSOLE(2010)] "Uncaught TypeError: Cannot set property 'fov' of undefined", source: https://theskylive.com/libjs/_lib_planetarium_v4_th_v2.js?v=1.0&c=1756852464 (2010)
[1002/000948.619:INFO:CONSOLE(2010)] "Uncaught TypeError: Cannot set property 'fov' of undefined", source: https://theskylive.com/libjs/_lib_planetarium_v4_th_v2.js?v=1.0&c=1756852464 (2010)
[1002/000948.624:INFO:CONSOLE(2010)] "Uncaught TypeError: Cannot set property 'fov' of undefined", source: https://theskylive.com/libjs/_lib_planetarium_v4_th_v2.js?v=1.0&c=1756852464 (2010)
[1002/000948.628:INFO:CONSOLE(2010)] "Uncaught TypeError: Cannot set property 'fov' of undefined", source: https://theskylive.com/libjs/_lib_planetarium_v4_th_v2.js?v=1.0&c=1756852464 (2010)
[1002/000948.634:INFO:CONSOLE(2010)] "Uncaught TypeError: Cannot set property 'fov' of undefined", source: https://theskylive.com/libjs/_lib_planetarium_v4_th_v2.js?v=1.0&c=1756852464 (2010)
[1002/000948.641:INFO:CONSOLE(2010)] "Uncaught TypeError: Cannot set property 'fov' of undefined", source: https://theskylive.com/libjs/_lib_planetarium_v4_th_v2.js?v=1.0&c=1756852464 (2010)
[1002/000948.645:INFO:CONSOLE(2010)] "Uncaught TypeError: Cannot set property 'fov' of undefined", source: https://theskylive.com/libjs/_lib_planetarium_v4_th_v2.js?v=1.0&c=1756852464 (2010)
[1002/000948.653:INFO:CONSOLE(2010)] "Uncaught TypeError: Cannot set property 'fov' of undefined", source: https://theskylive.com/libjs/_lib_planetarium_v4_th_v2.js?v=1.0&c=1756852464 (2010)
[1002/000948.657:INFO:CONSOLE(2010)] "Uncaught TypeError: Cannot set property 'fov' of undefined", source: https://theskylive.com/libjs/_lib_planetarium_v4_th_v2.js?v=1.0&c=1756852464 (2010)
[1002/000948.661:INFO:CONSOLE(2010)] "Uncaught TypeError: Cannot set property 'fov' of undefined", source: https://theskylive.com/libjs/_lib_planetarium_v4_th_v2.js?v=1.0&c=1756852464 (2010)
[1002/000948.670:INFO:CONSOLE(2010)] "Uncaught TypeError: Cannot set property 'fov' of undefined", source: https://theskylive.com/libjs/_lib_planetarium_v4_th_v2.js?v=1.0&c=1756852464 (2010)
[1002/000948.678:INFO:CONSOLE(2010)] "Uncaught TypeError: Cannot set property 'fov' of undefined", source: https://theskylive.com/libjs/_lib_planetarium_v4_th_v2.js?v=1.0&c=1756852464 (2010)
[1002/000948.686:INFO:CONSOLE(2010)] "Uncaught TypeError: Cannot set property 'fov' of undefined", source: https://theskylive.com/libjs/_lib_planetarium_v4_th_v2.js?v=1.0&c=1756852464 (2010)
[1002/000948.695:INFO:CONSOLE(2010)] "Uncaught TypeError: Cannot set property 'fov' of undefined", source: https://theskylive.com/libjs/_lib_planetarium_v4_th_v2.js?v=1.0&c=1756852464 (2010)
[1002/000948.705:INFO:CONSOLE(2010)] "Uncaught TypeError: Cannot set property 'fov' of undefined", source: https://theskylive.com/libjs/_lib_planetarium_v4_th_v2.js?v=1.0&c=1756852464 (2010)
[1002/000948.724:INFO:CONSOLE(2010)] "Uncaught TypeError: Cannot set property 'fov' of undefined", source: https://theskylive.com/libjs/_lib_planetarium_v4_th_v2.js?v=1.0&c=1756852464 (2010)
[1002/000948.752:INFO:CONSOLE(2010)] "Uncaught TypeError: Cannot set property 'fov' of undefined", source: https://theskylive.com/libjs/_lib_planetarium_v4_th_v2.js?v=1.0&c=1756852464 (2010)
[1002/000948.767:INFO:CONSOLE(2010)] "Uncaught TypeError: Cannot set property 'fov' of undefined", source: https://theskylive.com/libjs/_lib_planetarium_v4_th_v2.js?v=1.0&c=1756852464 (2010)
[1002/000948.776:INFO:CONSOLE(2010)] "Uncaught TypeError: Cannot set property 'fov' of undefined", source: https://theskylive.com/libjs/_lib_planetarium_v4_th_v2.js?v=1.0&c=1756852464 (2010)
[1002/000948.784:INFO:CONSOLE(2010)] "Uncaught TypeError: Cannot set property 'fov' of undefined", source: https://theskylive.com/libjs/_lib_planetarium_v4_th_v2.js?v=1.0&c=1756852464 (2010)
[1002/000948.794:INFO:CONSOLE(2010)] "Uncaught TypeError: Cannot set property 'fov' of undefined", source: https://theskylive.com/libjs/_lib_planetarium_v4_th_v2.js?v=1.0&c=1756852464 (2010)
[1002/000948.799:INFO:CONSOLE(2010)] "Uncaught TypeError: Cannot set property 'fov' of undefined", source: https://theskylive.com/libjs/_lib_planetarium_v4_th_v2.js?v=1.0&c=1756852464 (2010)
[1002/000948.807:INFO:CONSOLE(2010)] "Uncaught TypeError: Cannot set property 'fov' of undefined", source: https://theskylive.com/libjs/_lib_planetarium_v4_th_v2.js?v=1.0&c=1756852464 (2010)
[1002/000948.811:INFO:CONSOLE(2010)] "Uncaught TypeError: Cannot set property 'fov' of undefined", source: https://theskylive.com/libjs/_lib_planetarium_v4_th_v2.js?v=1.0&c=1756852464 (2010)
[1002/000948.819:INFO:CONSOLE(2010)] "Uncaught TypeError: Cannot set property 'fov' of undefined", source: https://theskylive.com/libjs/_lib_planetarium_v4_th_v2.js?v=1.0&c=1756852464 (2010)
[1002/000948.824:INFO:CONSOLE(2010)] "Uncaught TypeError: Cannot set property 'fov' of undefined", source: https://theskylive.com/libjs/_lib_planetarium_v4_th_v2.js?v=1.0&c=1756852464 (2010)
[1002/000948.828:INFO:CONSOLE(2010)] "Uncaught TypeError: Cannot set property 'fov' of undefined", source: https://theskylive.com/libjs/_lib_planetarium_v4_th_v2.js?v=1.0&c=1756852464 (2010)
[1002/001106.475:INFO:CONSOLE(1)] "Loading plugin: ./calendar/index.js", source: https://d3ufh70wg9uzo4.cloudfront.net/js/app.44b5ed00.js (1)
[1002/001106.480:INFO:CONSOLE(1)] "Loading plugin: ./noctuasky/index.js", source: https://d3ufh70wg9uzo4.cloudfront.net/js/app.44b5ed00.js (1)
[1002/001106.516:INFO:CONSOLE(1)] "Loading plugin: ./private_elements/index.js", source: https://d3ufh70wg9uzo4.cloudfront.net/js/app.44b5ed00.js (1)
[1002/001106.525:INFO:CONSOLE(1)] "Register store module for plugin: noctuaSky", source: https://d3ufh70wg9uzo4.cloudfront.net/js/app.44b5ed00.js (1)
[1002/001106.525:INFO:CONSOLE(1)] "Register store module for plugin: private_elements", source: https://d3ufh70wg9uzo4.cloudfront.net/js/app.44b5ed00.js (1)
[1002/001106.590:INFO:CONSOLE(1)] "Initialized NoctuaSky Client", source: https://d3ufh70wg9uzo4.cloudfront.net/js/app.44b5ed00.js (1)
[1002/001106.934:INFO:CONSOLE(1)] "0.000000: DUT1 = -4.335027s                                            tt2utc (src/algos/utctt.c:37)", source: https://d3ufh70wg9uzo4.cloudfront.net/js/app.44b5ed00.js (1)
[1002/001106.940:INFO:CONSOLE(1)] "Getting geolocalization", source: https://d3ufh70wg9uzo4.cloudfront.net/js/app.44b5ed00.js (1)
[1002/001107.022:INFO:CONSOLE(1)] "Uncaught TypeError: Cannot read property 'createTexture' of undefined", source: https://d3ufh70wg9uzo4.cloudfront.net/js/app.44b5ed00.js (1)
[1002/001107.147:INFO:CONSOLE(1)] "Uncaught (in promise) RuntimeError: memory access out of bounds", source: https://d3ufh70wg9uzo4.cloudfront.net/js/stellarium-web-engine.9b8f0e47.wasm (1)
[1002/001107.147:INFO:CONSOLE(1)] "Uncaught (in promise) RuntimeError: memory access out of bounds", source: https://d3ufh70wg9uzo4.cloudfront.net/js/stellarium-web-engine.9b8f0e47.wasm (1)
[1002/001107.148:INFO:CONSOLE(1)] "GeoIP localization: {"lat":48.6921,"lng":6.1878,"accuracy":20000}", source: https://d3ufh70wg9uzo4.cloudfront.net/js/app.44b5ed00.js (1)
[1002/001107.152:INFO:CONSOLE(1)] "Could not get location from browser, use fallback from GeoIP", source: https://d3ufh70wg9uzo4.cloudfront.net/js/app.44b5ed00.js (1)
[1002/001107.152:INFO:CONSOLE(1)] "Geocoding position... ", source: https://d3ufh70wg9uzo4.cloudfront.net/js/app.44b5ed00.js (1)
